<?xml version="1.0" encoding="UTF-8"?>
<testng-results skipped="0" failed="0" ignored="0" total="2" passed="2">
  <reporter-output>
  </reporter-output>
  <suite name="Suite" duration-ms="16277" started-at="2020-02-16T02:11:47 CET" finished-at="2020-02-16T02:12:03 CET">
    <groups>
    </groups>
    <test name="Test" duration-ms="16277" started-at="2020-02-16T02:11:47 CET" finished-at="2020-02-16T02:12:03 CET">
      <class name="cl.devartisan.UdemyTestNG.TestClass1">
        <test-method status="PASS" signature="LaunchDriver()[pri:0, instance:cl.devartisan.UdemyTestNG.TestClass1@c6f5b]" name="LaunchDriver" is-config="true" duration-ms="6307" started-at="2020-02-16T02:11:47 CET" finished-at="2020-02-16T02:11:53 CET">
          <reporter-output>
          </reporter-output>
        </test-method> <!-- LaunchDriver -->
        <test-method status="PASS" signature="Test1()[pri:0, instance:cl.devartisan.UdemyTestNG.TestClass1@c6f5b]" name="Test1" duration-ms="1056" started-at="2020-02-16T02:11:53 CET" finished-at="2020-02-16T02:11:54 CET">
          <reporter-output>
          </reporter-output>
        </test-method> <!-- Test1 -->
        <test-method status="PASS" signature="Quit()[pri:0, instance:cl.devartisan.UdemyTestNG.TestClass1@c6f5b]" name="Quit" is-config="true" duration-ms="636" started-at="2020-02-16T02:11:54 CET" finished-at="2020-02-16T02:11:55 CET">
          <reporter-output>
          </reporter-output>
        </test-method> <!-- Quit -->
        <test-method status="PASS" signature="LaunchDriver()[pri:0, instance:cl.devartisan.UdemyTestNG.TestClass1@c6f5b]" name="LaunchDriver" is-config="true" duration-ms="5283" started-at="2020-02-16T02:11:55 CET" finished-at="2020-02-16T02:12:00 CET">
          <reporter-output>
          </reporter-output>
        </test-method> <!-- LaunchDriver -->
        <test-method status="PASS" signature="Test2()[pri:0, instance:cl.devartisan.UdemyTestNG.TestClass1@c6f5b]" name="Test2" duration-ms="2124" started-at="2020-02-16T02:12:00 CET" finished-at="2020-02-16T02:12:02 CET">
          <reporter-output>
          </reporter-output>
        </test-method> <!-- Test2 -->
        <test-method status="PASS" signature="Quit()[pri:0, instance:cl.devartisan.UdemyTestNG.TestClass1@c6f5b]" name="Quit" is-config="true" duration-ms="815" started-at="2020-02-16T02:12:02 CET" finished-at="2020-02-16T02:12:03 CET">
          <reporter-output>
          </reporter-output>
        </test-method> <!-- Quit -->
      </class> <!-- cl.devartisan.UdemyTestNG.TestClass1 -->
    </test> <!-- Test -->
  </suite> <!-- Suite -->
</testng-results>
