<?xml version="1.0" encoding="UTF-8"?>
<testng-results skipped="0" failed="0" ignored="0" total="2" passed="2">
  <reporter-output>
  </reporter-output>
  <suite name="Suite" duration-ms="17101" started-at="2020-02-16T02:10:12 CET" finished-at="2020-02-16T02:10:29 CET">
    <groups>
    </groups>
    <test name="Test" duration-ms="17101" started-at="2020-02-16T02:10:12 CET" finished-at="2020-02-16T02:10:29 CET">
      <class name="cl.devartisan.UdemyTestNG.TestClass1">
        <test-method status="PASS" signature="LaunchDriver()[pri:0, instance:cl.devartisan.UdemyTestNG.TestClass1@4d41cee]" name="LaunchDriver" is-config="true" duration-ms="6327" started-at="2020-02-16T02:10:12 CET" finished-at="2020-02-16T02:10:18 CET">
          <reporter-output>
          </reporter-output>
        </test-method> <!-- LaunchDriver -->
        <test-method status="PASS" signature="Test1()[pri:0, instance:cl.devartisan.UdemyTestNG.TestClass1@4d41cee]" name="Test1" duration-ms="947" started-at="2020-02-16T02:10:18 CET" finished-at="2020-02-16T02:10:19 CET">
          <reporter-output>
          </reporter-output>
        </test-method> <!-- Test1 -->
        <test-method status="PASS" signature="Quit()[pri:0, instance:cl.devartisan.UdemyTestNG.TestClass1@4d41cee]" name="Quit" is-config="true" duration-ms="688" started-at="2020-02-16T02:10:19 CET" finished-at="2020-02-16T02:10:20 CET">
          <reporter-output>
          </reporter-output>
        </test-method> <!-- Quit -->
        <test-method status="PASS" signature="LaunchDriver()[pri:0, instance:cl.devartisan.UdemyTestNG.TestClass1@4d41cee]" name="LaunchDriver" is-config="true" duration-ms="5228" started-at="2020-02-16T02:10:20 CET" finished-at="2020-02-16T02:10:25 CET">
          <reporter-output>
          </reporter-output>
        </test-method> <!-- LaunchDriver -->
        <test-method status="PASS" signature="Test2()[pri:0, instance:cl.devartisan.UdemyTestNG.TestClass1@4d41cee]" name="Test2" duration-ms="2304" started-at="2020-02-16T02:10:25 CET" finished-at="2020-02-16T02:10:28 CET">
          <reporter-output>
          </reporter-output>
        </test-method> <!-- Test2 -->
        <test-method status="PASS" signature="Quit()[pri:0, instance:cl.devartisan.UdemyTestNG.TestClass1@4d41cee]" name="Quit" is-config="true" duration-ms="1530" started-at="2020-02-16T02:10:28 CET" finished-at="2020-02-16T02:10:29 CET">
          <reporter-output>
          </reporter-output>
        </test-method> <!-- Quit -->
      </class> <!-- cl.devartisan.UdemyTestNG.TestClass1 -->
    </test> <!-- Test -->
  </suite> <!-- Suite -->
</testng-results>
